<?xml version="1.0" encoding="UTF-8"?>
<!-- Generated by org.testng.reporters.JUnitReportReporter -->
<testsuite hostname="Siru" failures="0" tests="6" name="MavenTestNGProject.MavenTestNGProject.PurchaseTest" time="129.363" errors="0" timestamp="2025-04-24T12:54:50 IST" skipped="0">
  <testcase classname="MavenTestNGProject.MavenTestNGProject.PurchaseTest" name="testDemoblaze" time="14.864">
    <system-out>
      <![CDATA[Duplicate Signup Test Result: User already exists verification successful
TC03 - Duplicate Signup Test Completed Successfully]]>
    </system-out>
  </testcase> <!-- testDemoblaze -->
  <testcase classname="MavenTestNGProject.MavenTestNGProject.PurchaseTest" name="testDemoblaze" time="9.326">
    <system-out>
      <![CDATA[Valid Signup Test Result: Sign up successful.
TC01 - Valid Signup Test Completed Successfully]]>
    </system-out>
  </testcase> <!-- testDemoblaze -->
  <testcase classname="MavenTestNGProject.MavenTestNGProject.PurchaseTest" name="testDemoblaze" time="21.313">
    <system-out>
      <![CDATA[Valid Signup Test Result: Sign up successful.
Signup, Login, and Add to Cart Test Result: Product added successfully
TC02 - Signup, Login and Add to Cart Test Completed Successfully]]>
    </system-out>
  </testcase> <!-- testDemoblaze -->
  <testcase classname="MavenTestNGProject.MavenTestNGProject.PurchaseTest" name="testDemoblaze" time="32.792">
    <system-out>
      <![CDATA[Valid Signup Test Result: Sign up successful.
Advanced Cart Management Test Result: Purchase completed successfully
TC04 - Advanced Cart Management Test Completed Successfully]]>
    </system-out>
  </testcase> <!-- testDemoblaze -->
  <testcase classname="MavenTestNGProject.MavenTestNGProject.PurchaseTest" name="testDemoblaze" time="22.155">
    <system-out>
      <![CDATA[Valid Signup Test Result: Sign up successful.
Category Navigation and Contact Test Result: Message sent successfully
TC05 - Category Navigation and Contact Test Completed Successfully]]>
    </system-out>
  </testcase> <!-- testDemoblaze -->
  <testcase classname="MavenTestNGProject.MavenTestNGProject.PurchaseTest" name="testDemoblaze" time="28.913">
    <system-out>
      <![CDATA[Valid Signup Test Result: Sign up successful.
Cross-Category Shopping Test Result: Product added to cart from category Phones
TC06 - Cross-Category Shopping Test Completed Successfully]]>
    </system-out>
  </testcase> <!-- testDemoblaze -->
  <system-out>
    <![CDATA[Test Environment Setup Completed
Valid Signup Test Result: Sign up successful.
TC01 - Valid Signup Test Completed Successfully
Test Execution Completed
Test Environment Setup Completed
Valid Signup Test Result: Sign up successful.
Signup, Login, and Add to Cart Test Result: Product added successfully
TC02 - Signup, Login and Add to Cart Test Completed Successfully
Test Execution Completed
Test Environment Setup Completed
Duplicate Signup Test Result: User already exists verification successful
TC03 - Duplicate Signup Test Completed Successfully
Test Execution Completed
Test Environment Setup Completed
Valid Signup Test Result: Sign up successful.
Advanced Cart Management Test Result: Purchase completed successfully
TC04 - Advanced Cart Management Test Completed Successfully
Test Execution Completed
Test Environment Setup Completed
Valid Signup Test Result: Sign up successful.
Category Navigation and Contact Test Result: Message sent successfully
TC05 - Category Navigation and Contact Test Completed Successfully
Test Execution Completed
Test Environment Setup Completed
Valid Signup Test Result: Sign up successful.
Cross-Category Shopping Test Result: Product added to cart from category Phones
TC06 - Cross-Category Shopping Test Completed Successfully
Test Execution Completed]]>
  </system-out>
</testsuite> <!-- MavenTestNGProject.MavenTestNGProject.PurchaseTest -->
